1701023883825	geckodriver	INFO	Listening on 127.0.0.1:48321
1701023883890	mozrunner::runner	INFO	Running command: MOZ_CRASHREPORTER="1" MOZ_CRASHREPORTER_NO_REPORT="1" MOZ_CRASHREPORTER_SHUTDOWN="1" MOZ_NO_REMOTE="1" "/usr ... te" "--remote-debugging-port" "34197" "--remote-allow-hosts" "localhost" "-no-remote" "-profile" "/tmp/rust_mozprofileKE4Voj"
console.warn: services.settings: Ignoring preference override of remote settings server
console.warn: services.settings: Allow by setting MOZ_REMOTE_SETTINGS_DEVTOOLS=1 in the environment
[GFX1-]: vaapitest: ERROR
[GFX1-]: vaapitest: VA-API test failed: failed to initialise VAAPI connection.

1701023884500	Marionette	INFO	Marionette enabled
1701023884598	Marionette	INFO	Listening on port 38571
WebDriver BiDi listening on ws://127.0.0.1:34197
Read port: 38571
1701023884857	RemoteAgent	WARN	TLS certificate errors will be ignored for this session
console.error: ({})
DevTools listening on ws://127.0.0.1:34197/devtools/browser/5924008b-0a7d-4235-af7a-73b5826309c4
JavaScript warning: https://static.xx.fbcdn.net/rsrc.php/v3i_Ou4/ys/l/en_GB/ASHKdN0Mz8S.js?_nc_x=Ij3Wp8lg5Kz, line 26: WEBGL_debug_renderer_info is deprecated in Firefox and will be removed. Please use RENDERER.
console.error: "update.locale" " file doesn't exist in either the application or GRE directories"
1701023914507	addons.xpi	ERROR	System addon update list error SyntaxError: XMLHttpRequest.open: 'http://%(server)s/dummy-system-addons.xml' is not a valid URL.
JavaScript warning: https://static.xx.fbcdn.net/rsrc.php/v3/y7/r/uI48pQbdqMg.js?_nc_x=Ij3Wp8lg5Kz, line 28: Script terminated by timeout at:
b/<@https://static.xx.fbcdn.net/rsrc.php/v3/y7/r/uI48pQbdqMg.js?_nc_x=Ij3Wp8lg5Kz:28:271
a@https://static.xx.fbcdn.net/rsrc.php/v3/yv/r/mMIZub6GlVc.js?_nc_x=Ij3Wp8lg5Kz:232:191
applyWithGuard@https://static.xx.fbcdn.net/rsrc.php/v3/yv/r/mMIZub6GlVc.js?_nc_x=Ij3Wp8lg5Kz:63:10432
applyWithGuard@https://static.xx.fbcdn.net/rsrc.php/v3/yv/r/mMIZub6GlVc.js?_nc_x=Ij3Wp8lg5Kz:228:528
j@https://static.xx.fbcdn.net/rsrc.php/v3ij9m4/y7/l/en_GB/0nf6U82YoV-.js?_nc_x=Ij3Wp8lg5Kz:3:355
k@https://static.xx.fbcdn.net/rsrc.php/v3ij9m4/y7/l/en_GB/0nf6U82YoV-.js?_nc_x=Ij3Wp8lg5Kz:3:603
d/<@https://static.xx.fbcdn.net/rsrc.php/v3ij9m4/y7/l/en_GB/0nf6U82YoV-.js?_nc_x=Ij3Wp8lg5Kz:3:1214
applyWithGuard@https://static.xx.fbcdn.net/rsrc.php/v3/yv/r/mMIZub6GlVc.js?_nc_x=Ij3Wp8lg5Kz:63:10432
b.$5@https://static.xx.fbcdn.net/rsrc.php/v3/yv/r/mMIZub6GlVc.js?_nc_x=Ij3Wp8lg5Kz:76:1000
a.$5@https://static.xx.fbcdn.net/rsrc.php/v3/yv/r/mMIZub6GlVc.js?_nc_x=Ij3Wp8lg5Kz:76:3068
c@https://static.xx.fbcdn.net/rsrc.php/v3/yv/r/mMIZub6GlVc.js?_nc_x=Ij3Wp8lg5Kz:76:715
applyWithGuard@https://static.xx.fbcdn.net/rsrc.php/v3/yv/r/mMIZub6GlVc.js?_nc_x=Ij3Wp8lg5Kz:63:10432
c.__emitToSubscription@https://static.xx.fbcdn.net/rsrc.php/v3/yv/r/mMIZub6GlVc.js?_nc_x=Ij3Wp8lg5Kz:72:1477
c.emit@https://static.xx.fbcdn.net/rsrc.php/v3/yv/r/mMIZub6GlVc.js?_nc_x=Ij3Wp8lg5Kz:72:1303
b.emitAndHold@https://static.xx.fbcdn.net/rsrc.php/v3/yv/r/mMIZub6GlVc.js?_nc_x=Ij3Wp8lg5Kz:74:1043
b.inform@https://static.xx.fbcdn.net/rsrc.php/v3/yv/r/mMIZub6GlVc.js?_nc_x=Ij3Wp8lg5Kz:76:1663
a.inform@https://static.xx.fbcdn.net/rsrc.php/v3/yv/r/mMIZub6GlVc.js?_nc_x=Ij3Wp8lg5Kz:76:2681
l/window.onunload<@https://static.xx.fbcdn.net/rsrc.php/v3/yv/r/mMIZub6GlVc.js?_nc_x=Ij3Wp8lg5Kz:233:867
applyWithGuard@https://static.xx.fbcdn.net/rsrc.php/v3/yv/r/mMIZub6GlVc.js?_nc_x=Ij3Wp8lg5Kz:63:10432
d@https://static.xx.fbcdn.net/rsrc.php/v3/yv/r/mMIZub6GlVc.js?_nc_x=Ij3Wp8lg5Kz:327:2086

JavaScript warning: https://static.xx.fbcdn.net/rsrc.php/v3iDiQ4/yf/l/fr_FR/O7YnOUpTf84.js?_nc_x=Ij3Wp8lg5Kz, line 40: WEBGL_debug_renderer_info is deprecated in Firefox and will be removed. Please use RENDERER.
JavaScript warning: https://static.xx.fbcdn.net/rsrc.php/v3iD3I4/l/fr_FR/1Ekv0yVOKlx7_-M_2KeobYr3_43vsKVBi8Pm4aeCXgyjV6qqsmGt9A4Db0XFVhOH0A-j-6I-YINBW-7s_2e7T9Ujeaih3noRYrUKBj6vHhHwObt1aFOO5jGL_NfyXwgoFIdeGBZZRg-UV1B4u5IdJmhe1UL_K_A-qL9bLt2yuvWG-JbFVRtNiYg51H52KW45SaLwT9f7xxfSseW05RlfZq49zecU.js?_nc_x=Ij3Wp8lg5Kz, line 406: unreachable code after return statement
JavaScript warning: https://static.xx.fbcdn.net/rsrc.php/v3iD3I4/l/fr_FR/1Ekv0yVOKlx7_-M_2KeobYr3_43vsKVBi8Pm4aeCXgyjV6qqsmGt9A4Db0XFVhOH0A-j-6I-YINBW-7s_2e7T9Ujeaih3noRYrUKBj6vHhHwObt1aFOO5jGL_NfyXwgoFIdeGBZZRg-UV1B4u5IdJmhe1UL_K_A-qL9bLt2yuvWG-JbFVRtNiYg51H52KW45SaLwT9f7xxfSseW05RlfZq49zecU.js?_nc_x=Ij3Wp8lg5Kz, line 423: unreachable code after return statement
1701023940672	Marionette	INFO	Stopped listening on port 38571
JavaScript error: resource://gre/modules/CrashManager.sys.mjs, line 1220: AbortError: IOUtils: Shutting down and refusing additional I/O tasks
1701024966057	geckodriver	INFO	Listening on 127.0.0.1:38981
1701024966134	mozrunner::runner	INFO	Running command: MOZ_CRASHREPORTER="1" MOZ_CRASHREPORTER_NO_REPORT="1" MOZ_CRASHREPORTER_SHUTDOWN="1" MOZ_NO_REMOTE="1" "/usr ... ng" "--remote-debugging-port" "42199" "--remote-allow-hosts" "localhost" "-no-remote" "-profile" "/tmp/rust_mozprofilemlXh3y"
console.warn: services.settings: Ignoring preference override of remote settings server
console.warn: services.settings: Allow by setting MOZ_REMOTE_SETTINGS_DEVTOOLS=1 in the environment
[GFX1-]: vaapitest: ERROR
[GFX1-]: vaapitest: VA-API test failed: failed to initialise VAAPI connection.

1701024966723	Marionette	INFO	Marionette enabled
console.error: "Warning: unrecognized command line flag" "-no-sandbox"
console.error: "Warning: unrecognized command line flag" "-ignore-certificate-errors"
console.error: "Warning: unrecognized command line flag" "-log-level"
console.error: "Warning: unrecognized command line flag" "-disable-notifications"
1701024966881	Marionette	INFO	Listening on port 42217
WebDriver BiDi listening on ws://127.0.0.1:42199
Read port: 42217
1701024967090	RemoteAgent	WARN	TLS certificate errors will be ignored for this session
1701024967197	RemoteAgent	INFO	Proxy settings initialised: {"proxyType":"manual","httpProxy":"127.0.0.1:36977","sslProxy":"127.0.0.1:36977"}
console.error: ({})
DevTools listening on ws://127.0.0.1:42199/devtools/browser/997fd976-a88d-4574-92c7-730365780d05
JavaScript warning: https://static.xx.fbcdn.net/rsrc.php/v3iKzx4/yz/l/en_GB/O7YnOUpTf84.js?_nc_x=Ij3Wp8lg5Kz, line 40: WEBGL_debug_renderer_info is deprecated in Firefox and will be removed. Please use RENDERER.
console.error: "update.locale" " file doesn't exist in either the application or GRE directories"
1701024996948	addons.xpi	ERROR	System addon update list error SyntaxError: XMLHttpRequest.open: 'http://%(server)s/dummy-system-addons.xml' is not a valid URL.
1701025520243	geckodriver	INFO	Listening on 127.0.0.1:35275
1701025520877	mozrunner::runner	INFO	Running command: MOZ_CRASHREPORTER="1" MOZ_CRASHREPORTER_NO_REPORT="1" MOZ_CRASHREPORTER_SHUTDOWN="1" MOZ_NO_REMOTE="1" "/usr ... ng" "--remote-debugging-port" "41049" "--remote-allow-hosts" "localhost" "-no-remote" "-profile" "/tmp/rust_mozprofileH1jDc9"
console.warn: services.settings: Ignoring preference override of remote settings server
console.warn: services.settings: Allow by setting MOZ_REMOTE_SETTINGS_DEVTOOLS=1 in the environment
[GFX1-]: vaapitest: ERROR
[GFX1-]: vaapitest: VA-API test failed: failed to initialise VAAPI connection.

1701025521519	Marionette	INFO	Marionette enabled
console.error: "Warning: unrecognized command line flag" "-no-sandbox"
console.error: "Warning: unrecognized command line flag" "-ignore-certificate-errors"
console.error: "Warning: unrecognized command line flag" "-log-level"
console.error: "Warning: unrecognized command line flag" "-disable-notifications"
1701025521678	Marionette	INFO	Listening on port 42369
Read port: 42369
WebDriver BiDi listening on ws://127.0.0.1:41049
1701025521905	RemoteAgent	WARN	TLS certificate errors will be ignored for this session
1701025522016	RemoteAgent	INFO	Proxy settings initialised: {"proxyType":"manual","httpProxy":"127.0.0.1:41677","sslProxy":"127.0.0.1:41677"}
console.error: ({})
DevTools listening on ws://127.0.0.1:41049/devtools/browser/533fb6f3-689c-43f1-9598-4917cd0ea075
JavaScript warning: https://static.xx.fbcdn.net/rsrc.php/v3iKzx4/yz/l/en_GB/O7YnOUpTf84.js?_nc_x=Ij3Wp8lg5Kz, line 40: WEBGL_debug_renderer_info is deprecated in Firefox and will be removed. Please use RENDERER.
JavaScript warning: https://static.xx.fbcdn.net/rsrc.php/v3il5J4/l/en_GB/1Ekv0yVOKlx7_-M_2KeobYr3_43vsKVBi8Pm4aeCXgyjV6qqsmGt9A4Db0XFVhOH0A-j-6I-YINBW-7s_2e7T9Ujeaih3noRYrUKBj6vHhHwObt1aFOO5jGL_NfyXwgoFIdeGBZZRg-UV1B4u5IdJmhe1UL_K_A-qL9bLt2yuvWG-JbFVRtNiYg51H52KW45SaLwT9f7xxfSseW05RlfZq49zecU.js?_nc_x=Ij3Wp8lg5Kz, line 406: unreachable code after return statement
JavaScript warning: https://static.xx.fbcdn.net/rsrc.php/v3il5J4/l/en_GB/1Ekv0yVOKlx7_-M_2KeobYr3_43vsKVBi8Pm4aeCXgyjV6qqsmGt9A4Db0XFVhOH0A-j-6I-YINBW-7s_2e7T9Ujeaih3noRYrUKBj6vHhHwObt1aFOO5jGL_NfyXwgoFIdeGBZZRg-UV1B4u5IdJmhe1UL_K_A-qL9bLt2yuvWG-JbFVRtNiYg51H52KW45SaLwT9f7xxfSseW05RlfZq49zecU.js?_nc_x=Ij3Wp8lg5Kz, line 423: unreachable code after return statement
[Child 87469, MediaDecoderStateMachine #1] WARNING: Decoder=7f5d3b59b400 Decode error: NS_ERROR_DOM_MEDIA_FATAL_ERR (0x806e0005) - mozilla::MediaResult mozilla::FFmpegDataDecoder<60>::InitDecoder(AVDictionary**): Couldn't open avcodec: file /builddir/build/BUILD/firefox-120.0/dom/media/MediaDecoderStateMachineBase.cpp:166
JavaScript warning: https://static.xx.fbcdn.net/rsrc.php/v3iqyP4/yR/l/en_GB/O1MNQXzgVLL.js?_nc_x=Ij3Wp8lg5Kz, line 243: This error message will be blank when privacy.resistFingerprinting = true.  If it is really necessary, please add it to the whitelist in MediaError::GetMessage: NS_ERROR_DOM_MEDIA_FATAL_ERR (0x806e0005) - mozilla::MediaResult mozilla::FFmpegDataDecoder<60>::InitDecoder(AVDictionary**): Couldn't open avcodec
JavaScript warning: https://static.xx.fbcdn.net/rsrc.php/v3iqyP4/yR/l/en_GB/O1MNQXzgVLL.js?_nc_x=Ij3Wp8lg5Kz, line 243: This error message will be blank when privacy.resistFingerprinting = true.  If it is really necessary, please add it to the whitelist in MediaError::GetMessage: NS_ERROR_DOM_MEDIA_FATAL_ERR (0x806e0005) - mozilla::MediaResult mozilla::FFmpegDataDecoder<60>::InitDecoder(AVDictionary**): Couldn't open avcodec
JavaScript warning: https://static.xx.fbcdn.net/rsrc.php/v3iqyP4/yR/l/en_GB/O1MNQXzgVLL.js?_nc_x=Ij3Wp8lg5Kz, line 261: This error message will be blank when privacy.resistFingerprinting = true.  If it is really necessary, please add it to the whitelist in MediaError::GetMessage: NS_ERROR_DOM_MEDIA_FATAL_ERR (0x806e0005) - mozilla::MediaResult mozilla::FFmpegDataDecoder<60>::InitDecoder(AVDictionary**): Couldn't open avcodec
JavaScript warning: https://static.xx.fbcdn.net/rsrc.php/v3iqyP4/yR/l/en_GB/O1MNQXzgVLL.js?_nc_x=Ij3Wp8lg5Kz, line 261: This error message will be blank when privacy.resistFingerprinting = true.  If it is really necessary, please add it to the whitelist in MediaError::GetMessage: NS_ERROR_DOM_MEDIA_FATAL_ERR (0x806e0005) - mozilla::MediaResult mozilla::FFmpegDataDecoder<60>::InitDecoder(AVDictionary**): Couldn't open avcodec
[Child 87469, MediaDecoderStateMachine #1] WARNING: Decoder=7f5d3b48fa00 Decode error: NS_ERROR_DOM_MEDIA_FATAL_ERR (0x806e0005) - mozilla::MediaResult mozilla::FFmpegDataDecoder<60>::InitDecoder(AVDictionary**): Couldn't open avcodec: file /builddir/build/BUILD/firefox-120.0/dom/media/MediaDecoderStateMachineBase.cpp:166
JavaScript warning: https://static.xx.fbcdn.net/rsrc.php/v3iqyP4/yR/l/en_GB/O1MNQXzgVLL.js?_nc_x=Ij3Wp8lg5Kz, line 243: This error message will be blank when privacy.resistFingerprinting = true.  If it is really necessary, please add it to the whitelist in MediaError::GetMessage: NS_ERROR_DOM_MEDIA_FATAL_ERR (0x806e0005) - mozilla::MediaResult mozilla::FFmpegDataDecoder<60>::InitDecoder(AVDictionary**): Couldn't open avcodec
JavaScript warning: https://static.xx.fbcdn.net/rsrc.php/v3iqyP4/yR/l/en_GB/O1MNQXzgVLL.js?_nc_x=Ij3Wp8lg5Kz, line 243: This error message will be blank when privacy.resistFingerprinting = true.  If it is really necessary, please add it to the whitelist in MediaError::GetMessage: NS_ERROR_DOM_MEDIA_FATAL_ERR (0x806e0005) - mozilla::MediaResult mozilla::FFmpegDataDecoder<60>::InitDecoder(AVDictionary**): Couldn't open avcodec
JavaScript warning: https://static.xx.fbcdn.net/rsrc.php/v3iqyP4/yR/l/en_GB/O1MNQXzgVLL.js?_nc_x=Ij3Wp8lg5Kz, line 261: This error message will be blank when privacy.resistFingerprinting = true.  If it is really necessary, please add it to the whitelist in MediaError::GetMessage: NS_ERROR_DOM_MEDIA_FATAL_ERR (0x806e0005) - mozilla::MediaResult mozilla::FFmpegDataDecoder<60>::InitDecoder(AVDictionary**): Couldn't open avcodec
JavaScript warning: https://static.xx.fbcdn.net/rsrc.php/v3iqyP4/yR/l/en_GB/O1MNQXzgVLL.js?_nc_x=Ij3Wp8lg5Kz, line 261: This error message will be blank when privacy.resistFingerprinting = true.  If it is really necessary, please add it to the whitelist in MediaError::GetMessage: NS_ERROR_DOM_MEDIA_FATAL_ERR (0x806e0005) - mozilla::MediaResult mozilla::FFmpegDataDecoder<60>::InitDecoder(AVDictionary**): Couldn't open avcodec
console.error: "update.locale" " file doesn't exist in either the application or GRE directories"
1701025553208	addons.xpi	ERROR	System addon update list error SyntaxError: XMLHttpRequest.open: 'http://%(server)s/dummy-system-addons.xml' is not a valid URL.
